<?xml version="1.0" encoding="UTF-8"?>
<testsuites name="20190923_115237" timestamp="2019-09-23T11:52:37" time="8.016" tests="1" errors="0">
  <testsuite id="1" name="EmployeeDetails" package="EmployeeDetails" hostname="ATMECSINDT-016" timestamp="2019-09-23T11:52:38" time="4.267" tests="1" errors="0">
    <properties>
      <property name="Run From" value="ATMECSINDT-016" />
      <property name="Run OS" value="amd64 Windows 10 10.0" />
      <property name="Run User" value="Unnamalai.S" />
      <property name="Iteration" value="1 of 1" />
      <property name="Script" value="EmployeeDetails.xlsx" />
      <property name="Logs" value="C:\projects\Automationprojects\output\20190923_115237\logs\nexial-20190923_115237.log" />
      <property name="Data File" value="EmployeeDetails.data.xlsx" />
      <property name="DataSheet(s)" value="#default" />
      <property name="runtime args" value="-script C:\projects\Automationprojects\artifact\script\EmployeeDetails.xlsx" />
    </properties>
    <testcase id="Read Data" name="Read Data" classname="Scenario" timestamp="2019-09-23T11:52:41" time="1.695">
      <system-out>Total : 1
Passed: 1
Failed: 0
Output: C:\projects\Automationprojects\output\20190923_115237\EmployeeDetails.20190923_115238.001.xlsx
Logs  : C:\projects\Automationprojects\output\20190923_115237\logs\nexial-20190923_115237.log</system-out>
    </testcase>
  </testsuite>
</testsuites>
