<?xml version="1.0" encoding="UTF-8"?>
<testsuites name="20190923_121927" timestamp="2019-09-23T12:19:27" time="29.096" tests="7" errors="0">
  <testsuite id="1" name="gmailautomation" package="gmailautomation" hostname="ATMECSINDT-016" timestamp="2019-09-23T12:19:29" time="25.174" tests="7" errors="0">
    <properties>
      <property name="Run From" value="ATMECSINDT-016" />
      <property name="Run OS" value="amd64 Windows 10 10.0" />
      <property name="Run User" value="Unnamalai.S" />
      <property name="Iteration" value="1 of 1" />
      <property name="Script" value="gmailautomation.xlsx" />
      <property name="Logs" value="C:\projects\Automationprojects\output\20190923_121927\logs\nexial-20190923_121927.log" />
      <property name="Data File" value="gmailautomation.data.xlsx" />
      <property name="DataSheet(s)" value="Scenario" />
      <property name="runtime args" value="-script C:\projects\Automationprojects\artifact\script\gmailautomation.xlsx" />
    </properties>
    <testcase id="Login" name="Login" classname="Scenario" timestamp="2019-09-23T12:19:31" time="22.216">
      <system-out>Total : 7
Passed: 7
Failed: 0
Output: C:\projects\Automationprojects\output\20190923_121927\gmailautomation.20190923_121929.001.xlsx
Logs  : C:\projects\Automationprojects\output\20190923_121927\logs\nexial-20190923_121927.log</system-out>
    </testcase>
  </testsuite>
</testsuites>
