<?xml version="1.0" encoding="UTF-8"?>
<testsuites name="20190923_175900" timestamp="2019-09-23T17:59:00" time="11.027" tests="8" errors="1">
  <testsuite id="1" name="BaseCommand" package="BaseCommand" hostname="ATMECSINDT-016" timestamp="2019-09-23T17:59:02" time="7.789" tests="8" errors="1">
    <properties>
      <property name="Run From" value="ATMECSINDT-016" />
      <property name="Run OS" value="amd64 Windows 10 10.0" />
      <property name="Run User" value="Unnamalai.S" />
      <property name="Iteration" value="1 of 1" />
      <property name="Script" value="BaseCommand.xlsx" />
      <property name="Logs" value="C:\projects\Automationprojects\output\20190923_175900\logs\nexial-20190923_175900.log" />
      <property name="Data File" value="BaseCommand.data.xlsx" />
      <property name="DataSheet(s)" value="#default" />
      <property name="runtime args" value="-script C:\projects\Automationprojects\artifact\script\BaseCommand.xlsx" />
    </properties>
    <testcase id="base" name="base" classname="Scenario" timestamp="2019-09-23T17:59:04" time="5.692">
      <failure type="failure found in test activity" message="1 of 8 FAILED. Check C:\projects\Automationprojects\output\20190923_175900\BaseCommand.20190923_175902.001.xlsx for execution result, C:\projects\Automationprojects\output\20190923_175900\logs\nexial-20190923_175900.log for execution logs" />
      <system-out>Total : 8
Passed: 7
Failed: 1
Output: C:\projects\Automationprojects\output\20190923_175900\BaseCommand.20190923_175902.001.xlsx
Logs  : C:\projects\Automationprojects\output\20190923_175900\logs\nexial-20190923_175900.log</system-out>
    </testcase>
  </testsuite>
</testsuites>
