<?xml version="1.0" encoding="UTF-8"?>
<testsuites name="20190923_122736" timestamp="2019-09-23T12:27:36" time="36.103" tests="16" errors="0">
  <testsuite id="1" name="goibibo" package="goibibo" hostname="ATMECSINDT-016" timestamp="2019-09-23T12:27:38" time="31.818" tests="16" errors="0">
    <properties>
      <property name="Run From" value="ATMECSINDT-016" />
      <property name="Run OS" value="amd64 Windows 10 10.0" />
      <property name="Run User" value="Unnamalai.S" />
      <property name="Iteration" value="1 of 1" />
      <property name="Script" value="goibibo.xlsx" />
      <property name="Logs" value="C:\projects\Automationprojects\output\20190923_122736\logs\nexial-20190923_122736.log" />
      <property name="Data File" value="goibibo.data.xlsx" />
      <property name="DataSheet(s)" value="#default" />
      <property name="runtime args" value="-script C:\projects\Automationprojects\artifact\script\goibibo.xlsx" />
    </properties>
    <testcase id="Searching tickets" name="Searching tickets" classname="Scenario" timestamp="2019-09-23T12:27:40" time="28.909">
      <system-out>Total : 16
Passed: 16
Failed: 0
Output: C:\projects\Automationprojects\output\20190923_122736\goibibo.20190923_122738.001.xlsx
Logs  : C:\projects\Automationprojects\output\20190923_122736\logs\nexial-20190923_122736.log</system-out>
    </testcase>
  </testsuite>
</testsuites>
