<?xml version="1.0" encoding="UTF-8"?>
<testsuites name="20190910_161415" timestamp="2019-09-10T16:14:15" time="8.042" tests="1" errors="0">
  <testsuite id="1" name="unna" package="unna" hostname="ATMECSINDT-016" timestamp="2019-09-10T16:14:17" time="4.196" tests="1" errors="0">
    <properties>
      <property name="Run From" value="ATMECSINDT-016" />
      <property name="Run OS" value="amd64 Windows 10 10.0" />
      <property name="Run User" value="Unnamalai.S" />
      <property name="Iteration" value="1 of 1" />
      <property name="Script" value="unna.xlsx" />
      <property name="Logs" value="C:\projects\unna\output\20190910_161415\logs\nexial-20190910_161415.log" />
      <property name="Data File" value="unna.data.xlsx" />
      <property name="DataSheet(s)" value="#default" />
      <property name="JAVA_OPT" value="-Dorg.apache.poi.util.POILogger=org.apache.poi.util.NullLogger" />
      <property name="runtime args" value="-script C:\projects\unna\artifact\script\unna.xlsx" />
    </properties>
    <testcase id="Activity 1" name="Activity 1" classname="Scenario" timestamp="2019-09-10T16:14:19" time="1.774">
      <system-out>Total : 1
Passed: 1
Failed: 0
Output: C:\projects\unna\output\20190910_161415\unna.20190910_161417.001.xlsx
Logs  : C:\projects\unna\output\20190910_161415\logs\nexial-20190910_161415.log</system-out>
    </testcase>
  </testsuite>
</testsuites>
