<?xml version="1.0" encoding="UTF-8"?>
<testsuites name="20190923_125328" timestamp="2019-09-23T12:53:28" time="31.189" tests="8" errors="0">
  <testsuite id="1" name="gmailautomation" package="gmailautomation" hostname="ATMECSINDT-016" timestamp="2019-09-23T12:53:30" time="26.895" tests="8" errors="0">
    <properties>
      <property name="Run From" value="ATMECSINDT-016" />
      <property name="Run OS" value="amd64 Windows 10 10.0" />
      <property name="Run User" value="Unnamalai.S" />
      <property name="Iteration" value="1 of 1" />
      <property name="Script" value="gmailautomation.xlsx" />
      <property name="Logs" value="C:\projects\Automationprojects\output\20190923_125328\logs\nexial-20190923_125328.log" />
      <property name="Data File" value="gmailautomation.data.xlsx" />
      <property name="DataSheet(s)" value="Scenario" />
      <property name="runtime args" value="-script C:\projects\Automationprojects\artifact\script\gmailautomation.xlsx" />
    </properties>
    <testcase id="Login" name="Login" classname="Scenario" timestamp="2019-09-23T12:53:34" time="23.015">
      <system-out>Total : 8
Passed: 8
Failed: 0
Output: C:\projects\Automationprojects\output\20190923_125328\gmailautomation.20190923_125330.001.xlsx
Logs  : C:\projects\Automationprojects\output\20190923_125328\logs\nexial-20190923_125328.log</system-out>
    </testcase>
  </testsuite>
</testsuites>
